-------------------------------------------------------------------------------
Test set: com.caspex.app.DeviceServiceTest
-------------------------------------------------------------------------------
Tests run: 5, Failures: 1, Errors: 2, Skipped: 0, Time elapsed: 2.449 s <<< FAILURE! -- in com.caspex.app.DeviceServiceTest
com.caspex.app.DeviceServiceTest.testDeleteDevice -- Time elapsed: 0.016 s <<< FAILURE!
org.opentest4j.AssertionFailedError: expected: not <null>
	at org.junit.jupiter.api.AssertionFailureBuilder.build(AssertionFailureBuilder.java:152)
	at org.junit.jupiter.api.AssertionFailureBuilder.buildAndThrow(AssertionFailureBuilder.java:132)
	at org.junit.jupiter.api.AssertNotNull.failNull(AssertNotNull.java:49)
	at org.junit.jupiter.api.AssertNotNull.assertNotNull(AssertNotNull.java:35)
	at org.junit.jupiter.api.AssertNotNull.assertNotNull(AssertNotNull.java:30)
	at org.junit.jupiter.api.Assertions.assertNotNull(Assertions.java:304)
	at com.caspex.app.DeviceServiceTest.testDeleteDevice(DeviceServiceTest.java:121)
	at java.base/java.lang.reflect.Method.invoke(Method.java:569)
	at java.base/java.util.ArrayList.forEach(ArrayList.java:1511)
	at java.base/java.util.ArrayList.forEach(ArrayList.java:1511)

com.caspex.app.DeviceServiceTest.testMatchDeviceExistingDevice -- Time elapsed: 0.010 s <<< ERROR!
java.lang.NullPointerException: Cannot invoke "net.sf.uadetector.VersionNumber.toVersionString()" because the return value of "net.sf.uadetector.ReadableUserAgent.getVersionNumber()" is null
	at com.caspex.app.DeviceServiceTest.testMatchDeviceExistingDevice(DeviceServiceTest.java:59)
	at java.base/java.lang.reflect.Method.invoke(Method.java:569)
	at java.base/java.util.ArrayList.forEach(ArrayList.java:1511)
	at java.base/java.util.ArrayList.forEach(ArrayList.java:1511)

com.caspex.app.DeviceServiceTest.testMatchDeviceNewDevice -- Time elapsed: 0.005 s <<< ERROR!
java.lang.NullPointerException: Cannot invoke "net.sf.uadetector.VersionNumber.toVersionString()" because the return value of "net.sf.uadetector.ReadableUserAgent.getVersionNumber()" is null
	at com.caspex.app.DeviceServiceTest.testMatchDeviceNewDevice(DeviceServiceTest.java:79)
	at java.base/java.lang.reflect.Method.invoke(Method.java:569)
	at java.base/java.util.ArrayList.forEach(ArrayList.java:1511)
	at java.base/java.util.ArrayList.forEach(ArrayList.java:1511)

